<?xml version="1.0" encoding="UTF-8"?>
<testsuite name="agh.ics.oop.WorldTest" tests="3" skipped="0" failures="0" errors="0" timestamp="2022-11-21T05:15:28" hostname="DESKTOP-GQ4PS9F" time="0.055">
  <properties/>
  <testcase name="testGrass()" classname="agh.ics.oop.WorldTest" time="0.034"/>
  <testcase name="testRectOne()" classname="agh.ics.oop.WorldTest" time="0.013"/>
  <testcase name="testRectTwo()" classname="agh.ics.oop.WorldTest" time="0.006"/>
  <system-out><![CDATA[ y\x  0 1 2 3 4 5 6 7 8 910
 11: -----------------------
 10: | | | | | | | | | | |N|
  9: | | | | |*| | | | | | |
  8: | | |*| | | | | | | | |
  7: | | | | | | | | | | | |
  6: | | | |*| | | |*| | | |
  5: | | | | |*| | | | | | |
  4: | | | | | | | | | | | |
  3: | | | | | | | | | | | |
  2: | |*| | | | | |*| | | |
  1: |*| | | | | | | | | | |
  0: |N| | |*| |*| | | | | |
 -1: -----------------------

 y\x  0 1 2 3 4 5 6 7 8 910
 11: -----------------------
 10: | | | | | | | | | | |E|
  9: | | | | |*| | | | | | |
  8: | | |*| | | | | | | | |
  7: | | | | | | | | | | | |
  6: | | | |*| | | |*| | | |
  5: | | | | |*| | | | | | |
  4: | | | | | | | | | | | |
  3: | | | | | | | | | | | |
  2: | |*| | | | | |*| | | |
  1: |*| | | | | | | | | | |
  0: |N| | |*| |*| | | | | |
 -1: -----------------------

 y\x  0 1 2 3 4 5 6 7 8 910
 11: -----------------------
 10: | | | | | | | | | | |E|
  9: | | | | |*| | | | | | |
  8: | | |*| | | | | | | | |
  7: | | | | | | | | | | | |
  6: | | | |*| | | |*| | | |
  5: | | | | |*| | | | | | |
  4: | | | | | | | | | | | |
  3: | | | | | | | | | | | |
  2: | |*| | | | | |*| | | |
  1: |*| | | | | | | | | | |
  0: |W| | |*| |*| | | | | |
 -1: -----------------------

 y\x  0 1 2 3 4 5 6 7 8 91011
 11: -------------------------
 10: | | | | | | | | | | | |E|
  9: | | | | |*| | | | | | | |
  8: | | |*| | | | | | | | | |
  7: | | | | | | | | | | | | |
  6: | | | |*| | | |*| | | | |
  5: | | | | |*| | | | | | | |
  4: | | | | | | | | | | | | |
  3: | | | | | | | | | | | | |
  2: | |*| | | | | |*| | | | |
  1: |*| | | | | | | | | | | |
  0: |W| | |*| |*| | | | | | |
 -1: -------------------------

 y\x -1 0 1 2 3 4 5 6 7 8 91011
 11: ---------------------------
 10: | | | | | | | | | | | | |E|
  9: | | | | | |*| | | | | | | |
  8: | | | |*| | | | | | | | | |
  7: | | | | | | | | | | | | | |
  6: | | | | |*| | | |*| | | | |
  5: | | | | | |*| | | | | | | |
  4: | | | | | | | | | | | | | |
  3: | | | | | | | | | | | | | |
  2: | | |*| | | | | |*| | | | |
  1: | |*| | | | | | | | | | | |
  0: |W| | | |*| |*| | | | | | |
 -1: ---------------------------

 y\x -1 0 1 2 3 4 5 6 7 8 9101112
 11: -----------------------------
 10: | | | | | | | | | | | | | |E|
  9: | | | | | |*| | | | | | | | |
  8: | | | |*| | | | | | | | | | |
  7: | | | | | | | | | | | | | | |
  6: | | | | |*| | | |*| | | | | |
  5: | | | | | |*| | | | | | | | |
  4: | | | | | | | | | | | | | | |
  3: | | | | | | | | | | | | | | |
  2: | | |*| | | | | |*| | | | | |
  1: | |*| | | | | | | | | | | | |
  0: |W| | | |*| |*| | | | | | | |
 -1: -----------------------------

 y\x -2-1 0 1 2 3 4 5 6 7 8 9101112
 11: -------------------------------
 10: | | | | | | | | | | | | | | |E|
  9: | | | | | | |*| | | | | | | | |
  8: | | | | |*| | | | | | | | | | |
  7: | | | | | | | | | | | | | | | |
  6: | | | | | |*| | | |*| | | | | |
  5: | | | | | | |*| | | | | | | | |
  4: | | | | | | | | | | | | | | | |
  3: | | | | | | | | | | | | | | | |
  2: | | | |*| | | | | |*| | | | | |
  1: | | |*| | | | | | | | | | | | |
  0: |W| | | | |*| |*| | | | | | | |
 -1: -------------------------------

 y\x -2-1 0 1 2 3 4 5 6 7 8 9101112
 11: -------------------------------
 10: | | | | | | | | | | | | | | |N|
  9: | | | | | | |*| | | | | | | | |
  8: | | | | |*| | | | | | | | | | |
  7: | | | | | | | | | | | | | | | |
  6: | | | | | |*| | | |*| | | | | |
  5: | | | | | | |*| | | | | | | | |
  4: | | | | | | | | | | | | | | | |
  3: | | | | | | | | | | | | | | | |
  2: | | | |*| | | | | |*| | | | | |
  1: | | |*| | | | | | | | | | | | |
  0: |W| | | | |*| |*| | | | | | | |
 -1: -------------------------------

 y\x -2-1 0 1 2 3 4 5 6 7 8 9101112
 11: -------------------------------
 10: | | | | | | | | | | | | | | |N|
  9: | | | | | | |*| | | | | | | | |
  8: | | | | |*| | | | | | | | | | |
  7: | | | | | | | | | | | | | | | |
  6: | | | | | |*| | | |*| | | | | |
  5: | | | | | | |*| | | | | | | | |
  4: | | | | | | | | | | | | | | | |
  3: | | | | | | | | | | | | | | | |
  2: | | | |*| | | | | |*| | | | | |
  1: | | |*| | | | | | | | | | | | |
  0: |S| | | | |*| |*| | | | | | | |
 -1: -------------------------------

 y\x -2-1 0 1 2 3 4 5 6 7 8 9101112
 12: -------------------------------
 11: | | | | | | | | | | | | | | |N|
 10: | | | | | | | | | | | | | | | |
  9: | | | | | | |*| | | | | | | | |
  8: | | | | |*| | | | | | | | | | |
  7: | | | | | | | | | | | | | | | |
  6: | | | | | |*| | | |*| | | | | |
  5: | | | | | | |*| | | | | | | | |
  4: | | | | | | | | | | | | | | | |
  3: | | | | | | | | | | | | | | | |
  2: | | | |*| | | | | |*| | | | | |
  1: | | |*| | | | | | | | | | | | |
  0: |S| | | | |*| |*| | | | | | | |
 -1: -------------------------------

 y\x -2-1 0 1 2 3 4 5 6 7 8 9101112
 12: -------------------------------
 11: | | | | | | | | | | | | | | |N|
 10: | | | | | | | | | | | | | | | |
  9: | | | | | | |*| | | | | | | | |
  8: | | | | |*| | | | | | | | | | |
  7: | | | | | | | | | | | | | | | |
  6: | | | | | |*| | | |*| | | | | |
  5: | | | | | | |*| | | | | | | | |
  4: | | | | | | | | | | | | | | | |
  3: | | | | | | | | | | | | | | | |
  2: | | | |*| | | | | |*| | | | | |
  1: | | |*| | | | | | | | | | | | |
  0: | | | | | |*| |*| | | | | | | |
 -1: |S| | | | | | | | | | | | | | |
 -2: -------------------------------

 y\x -2-1 0 1 2 3 4 5 6 7 8 9101112
 13: -------------------------------
 12: | | | | | | | | | | | | | | |N|
 11: | | | | | | | | | | | | | | | |
 10: | | | | | | | | | | | | | | | |
  9: | | | | | | |*| | | | | | | | |
  8: | | | | |*| | | | | | | | | | |
  7: | | | | | | | | | | | | | | | |
  6: | | | | | |*| | | |*| | | | | |
  5: | | | | | | |*| | | | | | | | |
  4: | | | | | | | | | | | | | | | |
  3: | | | | | | | | | | | | | | | |
  2: | | | |*| | | | | |*| | | | | |
  1: | | |*| | | | | | | | | | | | |
  0: | | | | | |*| |*| | | | | | | |
 -1: |S| | | | | | | | | | | | | | |
 -2: -------------------------------

 y\x -2-1 0 1 2 3 4 5 6 7 8 9101112
 13: -------------------------------
 12: | | | | | | | | | | | | | | |N|
 11: | | | | | | | | | | | | | | | |
 10: | | | | | | | | | | | | | | | |
  9: | | | | | | |*| | | | | | | | |
  8: | | | | |*| | | | | | | | | | |
  7: | | | | | | | | | | | | | | | |
  6: | | | | | |*| | | |*| | | | | |
  5: | | | | | | |*| | | | | | | | |
  4: | | | | | | | | | | | | | | | |
  3: | | | | | | | | | | | | | | | |
  2: | | | |*| | | | | |*| | | | | |
  1: | | |*| | | | | | | | | | | | |
  0: | | | | | |*| |*| | | | | | | |
 -1: | | | | | | | | | | | | | | | |
 -2: |S| | | | | | | | | | | | | | |
 -3: -------------------------------

 y\x  0 1 2 3 4 5 6 7 8 910
  6: -----------------------
  5: | | | | | | | | | | | |
  4: | | | |N| | | | | | | |
  3: | | | | | | | | | | | |
  2: | | |N| | | | | | | | |
  1: | | | | | | | | | | | |
  0: | | | | | | | | | | | |
 -1: -----------------------

 y\x  0 1 2 3 4 5 6 7 8 910
  6: -----------------------
  5: | | | | | | | | | | | |
  4: | | | |N| | | | | | | |
  3: | | |N| | | | | | | | |
  2: | | | | | | | | | | | |
  1: | | | | | | | | | | | |
  0: | | | | | | | | | | | |
 -1: -----------------------

 y\x  0 1 2 3 4 5 6 7 8 910
  6: -----------------------
  5: | | | | | | | | | | | |
  4: | | | | | | | | | | | |
  3: | | |N|N| | | | | | | |
  2: | | | | | | | | | | | |
  1: | | | | | | | | | | | |
  0: | | | | | | | | | | | |
 -1: -----------------------

 y\x  0 1 2 3 4 5 6 7 8 910
  6: -----------------------
  5: | | | | | | | | | | | |
  4: | | | | | | | | | | | |
  3: | | |E|N| | | | | | | |
  2: | | | | | | | | | | | |
  1: | | | | | | | | | | | |
  0: | | | | | | | | | | | |
 -1: -----------------------

 y\x  0 1 2 3 4 5 6 7 8 910
  6: -----------------------
  5: | | | | | | | | | | | |
  4: | | | | | | | | | | | |
  3: | | |E|W| | | | | | | |
  2: | | | | | | | | | | | |
  1: | | | | | | | | | | | |
  0: | | | | | | | | | | | |
 -1: -----------------------

 y\x  0 1 2 3 4 5 6 7 8 910
  6: -----------------------
  5: | | | | | | | | | | | |
  4: | | | | | | | | | | | |
  3: | | |E|W| | | | | | | |
  2: | | | | | | | | | | | |
  1: | | | | | | | | | | | |
  0: | | | | | | | | | | | |
 -1: -----------------------

 y\x  0 1 2 3 4 5 6 7 8 910
  6: -----------------------
  5: | | | | | | | | | | | |
  4: | | | | | | | | | | | |
  3: | | |E|W| | | | | | | |
  2: | | | | | | | | | | | |
  1: | | | | | | | | | | | |
  0: | | | | | | | | | | | |
 -1: -----------------------

 y\x  0 1 2 3 4 5 6 7 8 910
  6: -----------------------
  5: | | | | | | | | | | | |
  4: | | | | | | | | | | | |
  3: | | |S|W| | | | | | | |
  2: | | | | | | | | | | | |
  1: | | | | | | | | | | | |
  0: | | | | | | | | | | | |
 -1: -----------------------

 y\x  0 1 2 3 4 5 6 7 8 910
  6: -----------------------
  5: | | | | | | | | | | | |
  4: | | | | | | | | | | | |
  3: | | |S|N| | | | | | | |
  2: | | | | | | | | | | | |
  1: | | | | | | | | | | | |
  0: | | | | | | | | | | | |
 -1: -----------------------

 y\x  0 1 2 3 4 5 6 7 8 910
  6: -----------------------
  5: | | | | | | | | | | | |
  4: | | | | | | | | | | | |
  3: | | | |N| | | | | | | |
  2: | | |S| | | | | | | | |
  1: | | | | | | | | | | | |
  0: | | | | | | | | | | | |
 -1: -----------------------

 y\x  0 1 2 3 4 5 6 7 8 910
  6: -----------------------
  5: | | | | | | | | | | | |
  4: | | | |N| | | | | | | |
  3: | | | | | | | | | | | |
  2: | | |S| | | | | | | | |
  1: | | | | | | | | | | | |
  0: | | | | | | | | | | | |
 -1: -----------------------

 y\x  0 1 2 3 4 5 6 7 8 910
  6: -----------------------
  5: | | | | | | | | | | | |
  4: | | | |N| | | | | | | |
  3: | | | | | | | | | | | |
  2: | | | | | | | | | | | |
  1: | | |S| | | | | | | | |
  0: | | | | | | | | | | | |
 -1: -----------------------

 y\x  0 1 2 3 4 5 6 7 8 910
  6: -----------------------
  5: | | | |N| | | | | | | |
  4: | | | | | | | | | | | |
  3: | | | | | | | | | | | |
  2: | | | | | | | | | | | |
  1: | | |S| | | | | | | | |
  0: | | | | | | | | | | | |
 -1: -----------------------

 y\x  0 1 2 3 4 5 6 7 8 910
  6: -----------------------
  5: | | | |N| | | | | | | |
  4: | | | | | | | | | | | |
  3: | | | | | | | | | | | |
  2: | | | | | | | | | | | |
  1: | | | | | | | | | | | |
  0: | | |S| | | | | | | | |
 -1: -----------------------

 y\x  0 1 2 3 4 5 6 7 8 910
  6: -----------------------
  5: | | | |N| | | | | | | |
  4: | | | | | | | | | | | |
  3: | | | | | | | | | | | |
  2: | | | | | | | | | | | |
  1: | | | | | | | | | | | |
  0: | | |S| | | | | | | | |
 -1: -----------------------

 y\x  0 1 2 3 4 5 6 7 8 910
  6: -----------------------
  5: | | | |N| | | | | | | |
  4: | | | | | | | | | | | |
  3: | | | | | | | | | | | |
  2: | | | | | | | | | | | |
  1: | | | | | | | | | | | |
  0: | | |S| | | | | | | | |
 -1: -----------------------

 y\x  0 1 2 3 4 5 6 7 8 910
  6: -----------------------
  5: | | | |N| | | | | | | |
  4: | | | | | | | | | | | |
  3: | | | | | | | | | | | |
  2: | | | | | | | | | | | |
  1: | | | | | | | | | | | |
  0: | | |S| | | | | | | | |
 -1: -----------------------

 y\x  0 1 2 3 4
  5: -----------
  4: | | | | |N|
  3: | |N| | | |
  2: | | | | | |
  1: | | | | | |
  0: | | | | | |
 -1: -----------

 y\x  0 1 2 3 4
  5: -----------
  4: | |N| | |N|
  3: | | | | | |
  2: | | | | | |
  1: | | | | | |
  0: | | | | | |
 -1: -----------

 y\x  0 1 2 3 4
  5: -----------
  4: | |N| | | |
  3: | | | | |N|
  2: | | | | | |
  1: | | | | | |
  0: | | | | | |
 -1: -----------

 y\x  0 1 2 3 4
  5: -----------
  4: | |E| | | |
  3: | | | | |N|
  2: | | | | | |
  1: | | | | | |
  0: | | | | | |
 -1: -----------

 y\x  0 1 2 3 4
  5: -----------
  4: | |E| | | |
  3: | | | | |W|
  2: | | | | | |
  1: | | | | | |
  0: | | | | | |
 -1: -----------

 y\x  0 1 2 3 4
  5: -----------
  4: | | |E| | |
  3: | | | | |W|
  2: | | | | | |
  1: | | | | | |
  0: | | | | | |
 -1: -----------

 y\x  0 1 2 3 4
  5: -----------
  4: | | |E| | |
  3: | | | |W| |
  2: | | | | | |
  1: | | | | | |
  0: | | | | | |
 -1: -----------

 y\x  0 1 2 3 4
  5: -----------
  4: | | |S| | |
  3: | | | |W| |
  2: | | | | | |
  1: | | | | | |
  0: | | | | | |
 -1: -----------

 y\x  0 1 2 3 4
  5: -----------
  4: | | |S| | |
  3: | | |W| | |
  2: | | | | | |
  1: | | | | | |
  0: | | | | | |
 -1: -----------

 y\x  0 1 2 3 4
  5: -----------
  4: | | |S| | |
  3: | | |W| | |
  2: | | | | | |
  1: | | | | | |
  0: | | | | | |
 -1: -----------

 y\x  0 1 2 3 4
  5: -----------
  4: | | |S| | |
  3: | | | |W| |
  2: | | | | | |
  1: | | | | | |
  0: | | | | | |
 -1: -----------

 y\x  0 1 2 3 4
  5: -----------
  4: | | | | | |
  3: | | |S|W| |
  2: | | | | | |
  1: | | | | | |
  0: | | | | | |
 -1: -----------

 y\x  0 1 2 3 4
  5: -----------
  4: | | | | | |
  3: | | |S| |W|
  2: | | | | | |
  1: | | | | | |
  0: | | | | | |
 -1: -----------

 y\x  0 1 2 3 4
  5: -----------
  4: | | | | | |
  3: | | |W| |W|
  2: | | | | | |
  1: | | | | | |
  0: | | | | | |
 -1: -----------

 y\x  0 1 2 3 4
  5: -----------
  4: | | | | | |
  3: | | |W| |S|
  2: | | | | | |
  1: | | | | | |
  0: | | | | | |
 -1: -----------

 y\x  0 1 2 3 4
  5: -----------
  4: | | | | | |
  3: | |W| | |S|
  2: | | | | | |
  1: | | | | | |
  0: | | | | | |
 -1: -----------

 y\x  0 1 2 3 4
  5: -----------
  4: | | | | |S|
  3: | |W| | | |
  2: | | | | | |
  1: | | | | | |
  0: | | | | | |
 -1: -----------

 y\x  0 1 2 3 4
  5: -----------
  4: | | | | |S|
  3: |W| | | | |
  2: | | | | | |
  1: | | | | | |
  0: | | | | | |
 -1: -----------

 y\x  0 1 2 3 4
  5: -----------
  4: | | | | |S|
  3: |W| | | | |
  2: | | | | | |
  1: | | | | | |
  0: | | | | | |
 -1: -----------

]]></system-out>
  <system-err><![CDATA[]]></system-err>
</testsuite>
