<?xml version="1.0" encoding="UTF-8"?>
<testsuite name="agh.ics.oop.Vector2dTest" tests="1" skipped="0" failures="0" errors="0" timestamp="2022-10-17T15:03:32" hostname="S10-PROGLANG-10" time="0.049">
  <properties/>
  <testcase name="testToString()" classname="agh.ics.oop.Vector2dTest" time="0.049"/>
  <system-out><![CDATA[]]></system-out>
  <system-err><![CDATA[]]></system-err>
</testsuite>
