<?xml version="1.0" encoding="UTF-8"?>
<testsuite name="agh.ics.oop.MapDirectionTest" tests="2" skipped="0" failures="0" errors="0" timestamp="2022-10-17T00:40:58" hostname="DESKTOP-GQ4PS9F" time="0.013">
  <properties/>
  <testcase name="testNext()" classname="agh.ics.oop.MapDirectionTest" time="0.012"/>
  <testcase name="testPrevious()" classname="agh.ics.oop.MapDirectionTest" time="0.0"/>
  <system-out><![CDATA[]]></system-out>
  <system-err><![CDATA[]]></system-err>
</testsuite>
