<?xml version="1.0" encoding="UTF-8"?>
<testsuite name="agh.ics.oop.Vector2dTest" tests="9" skipped="0" failures="0" errors="0" timestamp="2022-10-16T22:50:10" hostname="DESKTOP-GQ4PS9F" time="0.016">
  <properties/>
  <testcase name="subtract()" classname="agh.ics.oop.Vector2dTest" time="0.01"/>
  <testcase name="upperRight()" classname="agh.ics.oop.Vector2dTest" time="0.0"/>
  <testcase name="precedes()" classname="agh.ics.oop.Vector2dTest" time="0.001"/>
  <testcase name="testToString()" classname="agh.ics.oop.Vector2dTest" time="0.0"/>
  <testcase name="follows()" classname="agh.ics.oop.Vector2dTest" time="0.0"/>
  <testcase name="lowerLeft()" classname="agh.ics.oop.Vector2dTest" time="0.001"/>
  <testcase name="opposite()" classname="agh.ics.oop.Vector2dTest" time="0.0"/>
  <testcase name="add()" classname="agh.ics.oop.Vector2dTest" time="0.0"/>
  <testcase name="testEquals()" classname="agh.ics.oop.Vector2dTest" time="0.001"/>
  <system-out><![CDATA[]]></system-out>
  <system-err><![CDATA[]]></system-err>
</testsuite>
