<?xml version="1.0" encoding="UTF-8"?>
<testsuite name="agh.ics.oop.AnimalTest" tests="6" skipped="0" failures="0" errors="0" timestamp="2022-10-23T22:38:45" hostname="DESKTOP-GQ4PS9F" time="0.017">
  <properties/>
  <testcase name="testOrientation()" classname="agh.ics.oop.AnimalTest" time="0.013"/>
  <testcase name="testBoundNorth()" classname="agh.ics.oop.AnimalTest" time="0.0"/>
  <testcase name="testBoundSouth()" classname="agh.ics.oop.AnimalTest" time="0.001"/>
  <testcase name="testBoundEast()" classname="agh.ics.oop.AnimalTest" time="0.0"/>
  <testcase name="testBoundWest()" classname="agh.ics.oop.AnimalTest" time="0.001"/>
  <testcase name="testParsingPosition()" classname="agh.ics.oop.AnimalTest" time="0.001"/>
  <system-out><![CDATA[]]></system-out>
  <system-err><![CDATA[]]></system-err>
</testsuite>
